AutoDock Vina v1.2.5
#################################################################
# If you used AutoDock Vina in your work, please cite:          #
#                                                               #
# J. Eberhardt, D. Santos-Martins, A. F. Tillack, and S. Forli  #
# AutoDock Vina 1.2.0: New Docking Methods, Expanded Force      #
# Field, and Python Bindings, J. Chem. Inf. Model. (2021)       #
# DOI 10.1021/acs.jcim.1c00203                                  #
#                                                               #
# O. Trott, A. J. Olson,                                        #
# AutoDock Vina: improving the speed and accuracy of docking    #
# with a new scoring function, efficient optimization and       #
# multithreading, J. Comp. Chem. (2010)                         #
# DOI 10.1002/jcc.21334                                         #
#                                                               #
# Please see https://github.com/ccsb-scripps/AutoDock-Vina for  #
# more information.                                             #
#################################################################

Scoring function : vina
Rigid receptor: cow_7l0e_chainA_rigid.pdbqt
Flex receptor: cow_7l0e_chainA_flex.pdbqt
Ligand: 8UH2/1rwt_I8620_6jo5_10618_dietaryzeaxanthinligand_8uh2.pdbqt
Grid center: X -40.6 Y 138.6 Z 11
Grid size  : X 24 Y 25.5 Z 17.25
Grid space : 0.375
Exhaustiveness: 12
CPU: 12
Verbosity: 1

Computing Vina grid ... done.
Performing docking (random seed: -1656039525) ... 
0%   10   20   30   40   50   60   70   80   90   100%
|----|----|----|----|----|----|----|----|----|----|
***************************************************

mode |   affinity | dist from best mode
     | (kcal/mol) | rmsd l.b.| rmsd u.b.
-----+------------+----------+----------
   1       -10.63          0          0
   2       -7.926     0.3643      16.96
   3       -3.785      1.914       2.67
   4       -1.622      1.986      17.08
   5        1.627      1.403      2.267
   6        2.548      1.789      17.06
   7        3.151      1.259      17.06
   8         3.43      2.637      16.95
   9        4.973      2.831      17.17
