AutoDock Vina v1.2.5
#################################################################
# If you used AutoDock Vina in your work, please cite:          #
#                                                               #
# J. Eberhardt, D. Santos-Martins, A. F. Tillack, and S. Forli  #
# AutoDock Vina 1.2.0: New Docking Methods, Expanded Force      #
# Field, and Python Bindings, J. Chem. Inf. Model. (2021)       #
# DOI 10.1021/acs.jcim.1c00203                                  #
#                                                               #
# O. Trott, A. J. Olson,                                        #
# AutoDock Vina: improving the speed and accuracy of docking    #
# with a new scoring function, efficient optimization and       #
# multithreading, J. Comp. Chem. (2010)                         #
# DOI 10.1002/jcc.21334                                         #
#                                                               #
# Please see https://github.com/ccsb-scripps/AutoDock-Vina for  #
# more information.                                             #
#################################################################

Scoring function : vina
Rigid receptor: cow_7l0e_chainA_rigid.pdbqt
Flex receptor: cow_7l0e_chainA_flex.pdbqt
Ligand: VFQ2/5xnl_y0621_6jo5_20616_mesozeaxanthinligand_vfq2.pdbqt
Grid center: X -40.6 Y 138.6 Z 11
Grid size  : X 24 Y 25.5 Z 17.25
Grid space : 0.375
Exhaustiveness: 12
CPU: 12
Verbosity: 1

Computing Vina grid ... done.
Performing docking (random seed: -661141436) ... 
0%   10   20   30   40   50   60   70   80   90   100%
|----|----|----|----|----|----|----|----|----|----|
***************************************************

mode |   affinity | dist from best mode
     | (kcal/mol) | rmsd l.b.| rmsd u.b.
-----+------------+----------+----------
   1       -11.71          0          0
   2       -8.463          2      16.69
   3       -7.867      1.748      2.772
   4       -7.595     0.7185      16.75
   5       -2.249      1.677      16.87
   6      -0.9498      2.149      2.906
   7      -0.4289      3.092      5.207
   8      -0.3469      2.169      16.83
   9        14.72       3.18      5.214
