AutoDock Vina v1.2.5
#################################################################
# If you used AutoDock Vina in your work, please cite:          #
#                                                               #
# J. Eberhardt, D. Santos-Martins, A. F. Tillack, and S. Forli  #
# AutoDock Vina 1.2.0: New Docking Methods, Expanded Force      #
# Field, and Python Bindings, J. Chem. Inf. Model. (2021)       #
# DOI 10.1021/acs.jcim.1c00203                                  #
#                                                               #
# O. Trott, A. J. Olson,                                        #
# AutoDock Vina: improving the speed and accuracy of docking    #
# with a new scoring function, efficient optimization and       #
# multithreading, J. Comp. Chem. (2010)                         #
# DOI 10.1002/jcc.21334                                         #
#                                                               #
# Please see https://github.com/ccsb-scripps/AutoDock-Vina for  #
# more information.                                             #
#################################################################

Scoring function : vina
Rigid receptor: cow_7l0e_chainA_rigid.pdbqt
Flex receptor: cow_7l0e_chainA_flex.pdbqt
Ligand: VFQ2/7dz7_V1621_5xnl_s0620_mesozeaxanthinligand_vfq2.pdbqt
Grid center: X -40.6 Y 138.6 Z 11
Grid size  : X 24 Y 25.5 Z 17.25
Grid space : 0.375
Exhaustiveness: 12
CPU: 12
Verbosity: 1

Computing Vina grid ... done.
Performing docking (random seed: 1744740783) ... 
0%   10   20   30   40   50   60   70   80   90   100%
|----|----|----|----|----|----|----|----|----|----|
***************************************************

mode |   affinity | dist from best mode
     | (kcal/mol) | rmsd l.b.| rmsd u.b.
-----+------------+----------+----------
   1       -10.31          0          0
   2       -8.787      1.185      16.67
   3       -6.345      1.429        2.2
   4       -5.446      1.959      2.954
   5       -1.089      2.054      3.013
   6       0.7025      1.301      2.227
   7        3.669      2.641      4.414
   8        4.312      1.847      16.76
   9        4.926      2.609      4.262
