AutoDock Vina v1.2.5
#################################################################
# If you used AutoDock Vina in your work, please cite:          #
#                                                               #
# J. Eberhardt, D. Santos-Martins, A. F. Tillack, and S. Forli  #
# AutoDock Vina 1.2.0: New Docking Methods, Expanded Force      #
# Field, and Python Bindings, J. Chem. Inf. Model. (2021)       #
# DOI 10.1021/acs.jcim.1c00203                                  #
#                                                               #
# O. Trott, A. J. Olson,                                        #
# AutoDock Vina: improving the speed and accuracy of docking    #
# with a new scoring function, efficient optimization and       #
# multithreading, J. Comp. Chem. (2010)                         #
# DOI 10.1002/jcc.21334                                         #
#                                                               #
# Please see https://github.com/ccsb-scripps/AutoDock-Vina for  #
# more information.                                             #
#################################################################

Scoring function : vina
Rigid receptor: cow_7l0e_chainA_rigid.pdbqt
Flex receptor: cow_7l0e_chainA_flex.pdbqt
Ligand: /uufs/chpc.utah.edu/common/home/u0235007/Docking/dietary_lutein_2025/RPE65_dietary_lutein/LIGANDS/emixustat/xq7_chainA_emixustat.pdbqt
Grid center: ligand center (autobox)
Grid size  : ligand size + 4 A in each dimension (autobox)
Grid space : 0.375
Exhaustiveness: 8
CPU: 0
Verbosity: 1

Computing Vina grid ... done.
Estimated Free Energy of Binding   : -10.914 (kcal/mol) [=(1)+(2)+(3)-(4)]
(1) Final Intermolecular Energy    : -10.448 (kcal/mol)
    Ligand - Receptor              : -9.391 (kcal/mol)
    Ligand - Flex side chains      : -1.057 (kcal/mol)
(2) Final Total Internal Energy    : -7.131 (kcal/mol)
    Ligand                         : 0.000 (kcal/mol)
    Flex   - Receptor              : -6.107 (kcal/mol)
    Flex   - Flex side chains      : -1.024 (kcal/mol)
(3) Torsional Free Energy          : 0.000 (kcal/mol)
(4) Unbound System's Energy        : -6.665 (kcal/mol)
