AutoDock Vina v1.2.5
#################################################################
# If you used AutoDock Vina in your work, please cite:          #
#                                                               #
# J. Eberhardt, D. Santos-Martins, A. F. Tillack, and S. Forli  #
# AutoDock Vina 1.2.0: New Docking Methods, Expanded Force      #
# Field, and Python Bindings, J. Chem. Inf. Model. (2021)       #
# DOI 10.1021/acs.jcim.1c00203                                  #
#                                                               #
# O. Trott, A. J. Olson,                                        #
# AutoDock Vina: improving the speed and accuracy of docking    #
# with a new scoring function, efficient optimization and       #
# multithreading, J. Comp. Chem. (2010)                         #
# DOI 10.1002/jcc.21334                                         #
#                                                               #
# Please see https://github.com/ccsb-scripps/AutoDock-Vina for  #
# more information.                                             #
#################################################################

Scoring function : vina
Rigid receptor: cow_7l0e_chainA_rigid.pdbqt
Flex receptor: /scratch/general/nfs1/u0235007/myscratch5998909/SPLIT_RPE65_emixustat/split_RPE65_plm_chainB_emixustat_rotate_flex_mode_1.pdbqt
Ligand: /scratch/general/nfs1/u0235007/myscratch5998909/SPLIT_RPE65_emixustat/split_RPE65_plm_chainB_emixustat_rotate_ligand_mode_1.pdbqt
Grid center: ligand center (autobox)
Grid size  : ligand size + 4 A in each dimension (autobox)
Grid space : 0.375
Exhaustiveness: 8
CPU: 0
Verbosity: 1

Computing Vina grid ... done.
Estimated Free Energy of Binding   : -7.126 (kcal/mol) [=(1)+(2)+(3)-(4)]
(1) Final Intermolecular Energy    : -12.624 (kcal/mol)
    Ligand - Receptor              : -11.125 (kcal/mol)
    Ligand - Flex side chains      : -1.499 (kcal/mol)
(2) Final Total Internal Energy    : -9.457 (kcal/mol)
    Ligand                         : -1.588 (kcal/mol)
    Flex   - Receptor              : -6.876 (kcal/mol)
    Flex   - Flex side chains      : -0.993 (kcal/mol)
(3) Torsional Free Energy          : 5.832 (kcal/mol)
(4) Unbound System's Energy        : -9.122 (kcal/mol)
