AutoDock Vina v1.2.5
#################################################################
# If you used AutoDock Vina in your work, please cite:          #
#                                                               #
# J. Eberhardt, D. Santos-Martins, A. F. Tillack, and S. Forli  #
# AutoDock Vina 1.2.0: New Docking Methods, Expanded Force      #
# Field, and Python Bindings, J. Chem. Inf. Model. (2021)       #
# DOI 10.1021/acs.jcim.1c00203                                  #
#                                                               #
# O. Trott, A. J. Olson,                                        #
# AutoDock Vina: improving the speed and accuracy of docking    #
# with a new scoring function, efficient optimization and       #
# multithreading, J. Comp. Chem. (2010)                         #
# DOI 10.1002/jcc.21334                                         #
#                                                               #
# Please see https://github.com/ccsb-scripps/AutoDock-Vina for  #
# more information.                                             #
#################################################################

Scoring function : vina
Rigid receptor: cow_7l0e_chainA_rigid.pdbqt
Flex receptor: /scratch/general/nfs1/u0235007/myscratch5248944/SPLIT_RPE65_8UH2/split_RPE65_6kac_g0620_1rwt_A0621_dietaryzeaxanthinligand_8uh2_flex_mode_2.pdbqt
Ligand: /scratch/general/nfs1/u0235007/myscratch5248944/SPLIT_RPE65_8UH2/split_RPE65_6kac_g0620_1rwt_A0621_dietaryzeaxanthinligand_8uh2_ligand_mode_2.pdbqt
Grid center: ligand center (autobox)
Grid size  : ligand size + 4 A in each dimension (autobox)
Grid space : 0.375
Exhaustiveness: 8
CPU: 0
Verbosity: 1

Computing Vina grid ... done.
Estimated Free Energy of Binding   : -9.868 (kcal/mol) [=(1)+(2)+(3)-(4)]
(1) Final Intermolecular Energy    : -8.958 (kcal/mol)
    Ligand - Receptor              : -10.776 (kcal/mol)
    Ligand - Flex side chains      : 1.818 (kcal/mol)
(2) Final Total Internal Energy    : -0.435 (kcal/mol)
    Ligand                         : 0.000 (kcal/mol)
    Flex   - Receptor              : 0.218 (kcal/mol)
    Flex   - Flex side chains      : -0.653 (kcal/mol)
(3) Torsional Free Energy          : 0.000 (kcal/mol)
(4) Unbound System's Energy        : 0.475 (kcal/mol)
