AutoDock Vina v1.2.5
#################################################################
# If you used AutoDock Vina in your work, please cite:          #
#                                                               #
# J. Eberhardt, D. Santos-Martins, A. F. Tillack, and S. Forli  #
# AutoDock Vina 1.2.0: New Docking Methods, Expanded Force      #
# Field, and Python Bindings, J. Chem. Inf. Model. (2021)       #
# DOI 10.1021/acs.jcim.1c00203                                  #
#                                                               #
# O. Trott, A. J. Olson,                                        #
# AutoDock Vina: improving the speed and accuracy of docking    #
# with a new scoring function, efficient optimization and       #
# multithreading, J. Comp. Chem. (2010)                         #
# DOI 10.1002/jcc.21334                                         #
#                                                               #
# Please see https://github.com/ccsb-scripps/AutoDock-Vina for  #
# more information.                                             #
#################################################################

Scoring function : vina
Rigid receptor: cow_7l0e_chainA_rigid.pdbqt
Flex receptor: cow_7l0e_chainA_flex.pdbqt
Ligand: STQ2/4xk8_60321_dietaryluteinligand_stq2.pdbqt
Grid center: X -40.6 Y 138.6 Z 11
Grid size  : X 24 Y 25.5 Z 17.25
Grid space : 0.375
Exhaustiveness: 12
CPU: 12
Verbosity: 1

Computing Vina grid ... done.
Performing docking (random seed: -1609863079) ... 
0%   10   20   30   40   50   60   70   80   90   100%
|----|----|----|----|----|----|----|----|----|----|
***************************************************

mode |   affinity | dist from best mode
     | (kcal/mol) | rmsd l.b.| rmsd u.b.
-----+------------+----------+----------
   1       -9.044          0          0
   2       -8.504      1.961       17.1
   3       -8.343      1.794      17.13
   4       -8.079      1.298      1.898
   5       -5.971      1.673      2.677
   6       -5.086      1.669      2.415
   7       -4.451      2.233      3.231
   8       -2.302      2.057      3.776
   9       -1.462      1.648       17.2
