AutoDock Vina v1.2.5
#################################################################
# If you used AutoDock Vina in your work, please cite:          #
#                                                               #
# J. Eberhardt, D. Santos-Martins, A. F. Tillack, and S. Forli  #
# AutoDock Vina 1.2.0: New Docking Methods, Expanded Force      #
# Field, and Python Bindings, J. Chem. Inf. Model. (2021)       #
# DOI 10.1021/acs.jcim.1c00203                                  #
#                                                               #
# O. Trott, A. J. Olson,                                        #
# AutoDock Vina: improving the speed and accuracy of docking    #
# with a new scoring function, efficient optimization and       #
# multithreading, J. Comp. Chem. (2010)                         #
# DOI 10.1002/jcc.21334                                         #
#                                                               #
# Please see https://github.com/ccsb-scripps/AutoDock-Vina for  #
# more information.                                             #
#################################################################

Scoring function : vina
Rigid receptor: cow_7l0e_chainA_rigid.pdbqt
Flex receptor: cow_7l0e_chainA_flex.pdbqt
Ligand: STQ2/6kac_Y1620_dietaryluteinligand_stq2.pdbqt
Grid center: X -40.6 Y 138.6 Z 11
Grid size  : X 24 Y 25.5 Z 17.25
Grid space : 0.375
Exhaustiveness: 12
CPU: 12
Verbosity: 1

Computing Vina grid ... done.
Performing docking (random seed: 70036844) ... 
0%   10   20   30   40   50   60   70   80   90   100%
|----|----|----|----|----|----|----|----|----|----|
***************************************************

mode |   affinity | dist from best mode
     | (kcal/mol) | rmsd l.b.| rmsd u.b.
-----+------------+----------+----------
   1       -11.25          0          0
   2       -6.314      1.531       16.5
   3       -4.429      2.419      16.61
   4       -4.342       1.82      16.71
   5       -3.728       1.64      16.48
   6       -2.541      2.263       16.8
   7      -0.3444      1.202      2.128
   8       0.9476      1.761       2.72
   9        1.321      2.282      3.216
